<?xml version="1.0" encoding="UTF-8"?>
<testsuite name="TestSuite" time="152.028" tests="7" errors="0" skipped="0" failures="4">
  <properties>
[...]
</properties>
  <testcase name="testManualCleanTop" classname="com.ecovacs.test.TestDEEBOT" time="1.288">
    <failure message="Can&apos;t locate an element by this strategy: By.xpath: //UIAApplication[1]/UIAWindow[1]/UIAButton[3]&#10;For documentation on this error, please visit: http://seleniumhq.org/exceptions/no_such_element.html&#10;Build info: version: &apos;2.53.0&apos;, revision: &apos;35ae25b1534ae328c771e0856c93e187490ca824&apos;, time: &apos;2016-03-15 10:43:46&apos;&#10;System info: host: &apos;ecosqadeMacBook-Pro.local&apos;, ip: &apos;192.168.3.8&apos;, os.name: &apos;Mac OS X&apos;, os.arch: &apos;x86_64&apos;, os.version: &apos;10.11.5&apos;, java.version: &apos;1.8.0_91&apos;&#10;Driver info: driver.version: unknown" type="org.openqa.selenium.NoSuchElementException"><![CDATA[org.openqa.selenium.NoSuchElementException: Can't locate an element by this strategy: By.xpath: //UIAApplication[1]/UIAWindow[1]/UIAButton[3]
For documentation on this error, please visit: http://seleniumhq.org/exceptions/no_such_element.html
Build info: version: '2.53.0', revision: '35ae25b1534ae328c771e0856c93e187490ca824', time: '2016-03-15 10:43:46'
System info: host: 'ecosqadeMacBook-Pro.local', ip: '192.168.3.8', os.name: 'Mac OS X', os.arch: 'x86_64', os.version: '10.11.5', java.version: '1.8.0_91'
Driver info: driver.version: unknown
	at io.appium.java_client.pagefactory.AppiumElementLocator.findElement(AppiumElementLocator.java:185)
	at io.appium.java_client.pagefactory.ElementInterceptor.intercept(ElementInterceptor.java:46)
	at io.appium.java_client.ios.IOSElement$$EnhancerByCGLIB$$c4fcf52e.click(<generated>)
	at com.ecovacs.test.activity.XianBotUIControllerActivity.manualCleanTop(XianBotUIControllerActivity.java:173)
	at com.ecovacs.test.HandleDEEBOT.manualCleanTop(HandleDEEBOT.java:99)
	at com.ecovacs.test.TestDEEBOT.testManualCleanTop(TestDEEBOT.java:74)
]]></failure>
    <system-out><![CDATA[11:07:07,124 |-INFO in ch.qos.logback.classic.LoggerContext[default] - Could NOT find resource [logback.groovy]
11:07:07,124 |-INFO in ch.qos.logback.classic.LoggerContext[default] - Could NOT find resource [logback-test.xml]
11:07:07,124 |-INFO in ch.qos.logback.classic.LoggerContext[default] - Found resource [logback.xml] at [file:/Users/ecosqa/IdeaProjects/AppiumDemoTest/target/classes/logback.xml]
11:07:07,156 |-INFO in ch.qos.logback.classic.joran.action.ConfigurationAction - debug attribute not set
11:07:07,500 |-INFO in ch.qos.logback.core.joran.action.TimestampAction - Using current interpretation time, i.e. now, as time reference.
11:07:07,501 |-INFO in ch.qos.logback.core.joran.action.TimestampAction - Adding property to the context with key="byDay" and value="20160808" to the context
11:07:07,501 |-INFO in ch.qos.logback.core.joran.action.TimestampAction - Using current interpretation time, i.e. now, as time reference.
11:07:07,501 |-INFO in ch.qos.logback.core.joran.action.TimestampAction - Adding property to the context with key="bySecond" and value="20160808T110707" to the context
11:07:07,501 |-INFO in ch.qos.logback.core.joran.action.AppenderAction - About to instantiate appender of type [ch.qos.logback.core.ConsoleAppender]
11:07:07,504 |-INFO in ch.qos.logback.core.joran.action.AppenderAction - Naming appender as [STDOUT]
11:07:07,521 |-INFO in ch.qos.logback.core.joran.action.NestedComplexPropertyIA - Assuming default type [ch.qos.logback.classic.encoder.PatternLayoutEncoder] for [encoder] property
11:07:07,542 |-INFO in ch.qos.logback.core.joran.action.AppenderAction - About to instantiate appender of type [ch.qos.logback.core.rolling.RollingFileAppender]
11:07:07,543 |-INFO in ch.qos.logback.core.joran.action.AppenderAction - Naming appender as [DEBUG]
11:07:07,556 |-INFO in c.q.l.core.rolling.TimeBasedRollingPolicy - No compression will be used
11:07:07,557 |-INFO in c.q.l.core.rolling.TimeBasedRollingPolicy - Will use the pattern ./logs/debug.%d{yyyyMMdd}.log for the active file
11:07:07,560 |-INFO in c.q.l.core.rolling.DefaultTimeBasedFileNamingAndTriggeringPolicy - The date pattern is 'yyyyMMdd' from file name pattern './logs/debug.%d{yyyyMMdd}.log'.
11:07:07,560 |-INFO in c.q.l.core.rolling.DefaultTimeBasedFileNamingAndTriggeringPolicy - Roll-over at midnight.
11:07:07,562 |-INFO in c.q.l.core.rolling.DefaultTimeBasedFileNamingAndTriggeringPolicy - Setting initial period to Mon Aug 08 11:07:07 CST 2016
11:07:07,563 |-INFO in ch.qos.logback.core.joran.action.NestedComplexPropertyIA - Assuming default type [ch.qos.logback.classic.encoder.PatternLayoutEncoder] for [encoder] property
11:07:07,563 |-INFO in ch.qos.logback.core.rolling.RollingFileAppender[DEBUG] - Active log file name: ./logs/debug.log
11:07:07,563 |-INFO in ch.qos.logback.core.rolling.RollingFileAppender[DEBUG] - File property is set to [./logs/debug.log]
11:07:07,564 |-INFO in ch.qos.logback.core.joran.action.AppenderAction - About to instantiate appender of type [ch.qos.logback.core.rolling.RollingFileAppender]
11:07:07,564 |-INFO in ch.qos.logback.core.joran.action.AppenderAction - Naming appender as [INFO]
11:07:07,567 |-INFO in c.q.l.core.rolling.TimeBasedRollingPolicy - No compression will be used
11:07:07,567 |-INFO in c.q.l.core.rolling.TimeBasedRollingPolicy - Will use the pattern ./logs/info.%d{yyyyMMdd}.log for the active file
11:07:07,568 |-INFO in c.q.l.core.rolling.DefaultTimeBasedFileNamingAndTriggeringPolicy - The date pattern is 'yyyyMMdd' from file name pattern './logs/info.%d{yyyyMMdd}.log'.
11:07:07,568 |-INFO in c.q.l.core.rolling.DefaultTimeBasedFileNamingAndTriggeringPolicy - Roll-over at midnight.
11:07:07,568 |-INFO in c.q.l.core.rolling.DefaultTimeBasedFileNamingAndTriggeringPolicy - Setting initial period to Mon Aug 08 11:07:07 CST 2016
11:07:07,568 |-INFO in ch.qos.logback.core.joran.action.NestedComplexPropertyIA - Assuming default type [ch.qos.logback.classic.encoder.PatternLayoutEncoder] for [encoder] property
11:07:07,569 |-INFO in ch.qos.logback.core.rolling.RollingFileAppender[INFO] - Active log file name: ./logs/info.20160808.log
11:07:07,569 |-INFO in ch.qos.logback.core.rolling.RollingFileAppender[INFO] - File property is set to [null]
11:07:07,569 |-INFO in ch.qos.logback.core.joran.action.AppenderAction - About to instantiate appender of type [ch.qos.logback.core.rolling.RollingFileAppender]
11:07:07,569 |-INFO in ch.qos.logback.core.joran.action.AppenderAction - Naming appender as [APP_ERROR]
11:07:07,570 |-INFO in c.q.l.core.rolling.TimeBasedRollingPolicy - No compression will be used
11:07:07,570 |-INFO in c.q.l.core.rolling.TimeBasedRollingPolicy - Will use the pattern ./logs/error.%d{yyyyMMdd}.log for the active file
11:07:07,570 |-INFO in c.q.l.core.rolling.DefaultTimeBasedFileNamingAndTriggeringPolicy - The date pattern is 'yyyyMMdd' from file name pattern './logs/error.%d{yyyyMMdd}.log'.
11:07:07,570 |-INFO in c.q.l.core.rolling.DefaultTimeBasedFileNamingAndTriggeringPolicy - Roll-over at midnight.
11:07:07,570 |-INFO in c.q.l.core.rolling.DefaultTimeBasedFileNamingAndTriggeringPolicy - Setting initial period to Mon Aug 08 11:07:07 CST 2016
11:07:07,570 |-INFO in ch.qos.logback.core.joran.action.NestedComplexPropertyIA - Assuming default type [ch.qos.logback.classic.encoder.PatternLayoutEncoder] for [encoder] property
11:07:07,571 |-INFO in ch.qos.logback.core.rolling.RollingFileAppender[APP_ERROR] - Active log file name: ./logs/error.20160808.log
11:07:07,571 |-INFO in ch.qos.logback.core.rolling.RollingFileAppender[APP_ERROR] - File property is set to [null]
11:07:07,571 |-INFO in ch.qos.logback.core.joran.action.AppenderAction - About to instantiate appender of type [ch.qos.logback.core.rolling.RollingFileAppender]
11:07:07,571 |-INFO in ch.qos.logback.core.joran.action.AppenderAction - Naming appender as [THIRD_JAR_ERROR]
11:07:07,572 |-INFO in c.q.l.core.rolling.TimeBasedRollingPolicy - No compression will be used
11:07:07,572 |-INFO in c.q.l.core.rolling.TimeBasedRollingPolicy - Will use the pattern ./logs/error.%d{yyyyMMdd}.log for the active file
11:07:07,572 |-INFO in c.q.l.core.rolling.DefaultTimeBasedFileNamingAndTriggeringPolicy - The date pattern is 'yyyyMMdd' from file name pattern './logs/error.%d{yyyyMMdd}.log'.
11:07:07,572 |-INFO in c.q.l.core.rolling.DefaultTimeBasedFileNamingAndTriggeringPolicy - Roll-over at midnight.
11:07:07,572 |-INFO in c.q.l.core.rolling.DefaultTimeBasedFileNamingAndTriggeringPolicy - Setting initial period to Mon Aug 08 11:07:07 CST 2016
11:07:07,573 |-INFO in ch.qos.logback.core.joran.action.NestedComplexPropertyIA - Assuming default type [ch.qos.logback.classic.encoder.PatternLayoutEncoder] for [encoder] property
11:07:07,573 |-INFO in ch.qos.logback.core.rolling.RollingFileAppender[THIRD_JAR_ERROR] - Active log file name: ./logs/error.20160808.log
11:07:07,573 |-INFO in ch.qos.logback.core.rolling.RollingFileAppender[THIRD_JAR_ERROR] - File property is set to [null]
11:07:07,574 |-INFO in ch.qos.logback.classic.joran.action.LoggerAction - Setting level of logger [db] to INFO
11:07:07,574 |-INFO in ch.qos.logback.classic.joran.action.LoggerAction - Setting additivity of logger [db] to false
11:07:07,574 |-ERROR in ch.qos.logback.core.joran.action.AppenderRefAction - Could not find an appender named [DETAIL]. Did you define it below instead of above in the configuration file?
11:07:07,574 |-ERROR in ch.qos.logback.core.joran.action.AppenderRefAction - See http://logback.qos.ch/codes.html#appender_order for more details.
11:07:07,574 |-INFO in ch.qos.logback.core.joran.action.AppenderRefAction - Attaching appender named [DEBUG] to Logger[db]
11:07:07,574 |-INFO in ch.qos.logback.classic.joran.action.LoggerAction - Setting level of logger [db.search] to INFO
11:07:07,574 |-INFO in ch.qos.logback.classic.joran.action.LoggerAction - Setting additivity of logger [db.search] to false
11:07:07,574 |-ERROR in ch.qos.logback.core.joran.action.AppenderRefAction - Could not find an appender named [SEARCH_DETAIL]. Did you define it below instead of above in the configuration file?
11:07:07,574 |-ERROR in ch.qos.logback.core.joran.action.AppenderRefAction - See http://logback.qos.ch/codes.html#appender_order for more details.
11:07:07,574 |-INFO in ch.qos.logback.classic.joran.action.LoggerAction - Setting level of logger [org] to ERROR
11:07:07,574 |-INFO in ch.qos.logback.classic.joran.action.LoggerAction - Setting additivity of logger [org] to false
11:07:07,574 |-INFO in ch.qos.logback.core.joran.action.AppenderRefAction - Attaching appender named [APP_ERROR] to Logger[org]
11:07:07,575 |-INFO in ch.qos.logback.classic.joran.action.LoggerAction - Setting level of logger [org.springframework] to ERROR
11:07:07,575 |-INFO in ch.qos.logback.classic.joran.action.LoggerAction - Setting additivity of logger [org.springframework] to false
11:07:07,575 |-INFO in ch.qos.logback.core.joran.action.AppenderRefAction - Attaching appender named [APP_ERROR] to Logger[org.springframework]
11:07:07,575 |-INFO in ch.qos.logback.classic.joran.action.LoggerAction - Setting level of logger [net.sf.ehcache] to ERROR
11:07:07,575 |-INFO in ch.qos.logback.classic.joran.action.LoggerAction - Setting additivity of logger [net.sf.ehcache] to false
11:07:07,575 |-INFO in ch.qos.logback.core.joran.action.AppenderRefAction - Attaching appender named [APP_ERROR] to Logger[net.sf.ehcache]
11:07:07,575 |-INFO in ch.qos.logback.classic.joran.action.RootLoggerAction - Setting level of ROOT logger to DEBUG
11:07:07,575 |-INFO in ch.qos.logback.core.joran.action.AppenderRefAction - Attaching appender named [STDOUT] to Logger[ROOT]
11:07:07,577 |-INFO in ch.qos.logback.core.joran.action.AppenderRefAction - Attaching appender named [DEBUG] to Logger[ROOT]
11:07:07,577 |-INFO in ch.qos.logback.core.joran.action.AppenderRefAction - Attaching appender named [INFO] to Logger[ROOT]
11:07:07,577 |-INFO in ch.qos.logback.core.joran.action.AppenderRefAction - Attaching appender named [APP_ERROR] to Logger[ROOT]
11:07:07,577 |-INFO in ch.qos.logback.classic.joran.action.ConfigurationAction - End of configuration.
11:07:07,578 |-INFO in ch.qos.logback.classic.joran.JoranConfigurator@3c0a50da - Registering current configuration as safe fallback point

]]></system-out>
  </testcase>
  <testcase name="testManualCleanBottom" classname="com.ecovacs.test.TestDEEBOT" time="1.383">
    <failure message="Can&apos;t locate an element by this strategy: By.xpath: //UIAApplication[1]/UIAWindow[1]/UIAButton[6]&#10;For documentation on this error, please visit: http://seleniumhq.org/exceptions/no_such_element.html&#10;Build info: version: &apos;2.53.0&apos;, revision: &apos;35ae25b1534ae328c771e0856c93e187490ca824&apos;, time: &apos;2016-03-15 10:43:46&apos;&#10;System info: host: &apos;ecosqadeMacBook-Pro.local&apos;, ip: &apos;192.168.3.8&apos;, os.name: &apos;Mac OS X&apos;, os.arch: &apos;x86_64&apos;, os.version: &apos;10.11.5&apos;, java.version: &apos;1.8.0_91&apos;&#10;Driver info: driver.version: unknown" type="org.openqa.selenium.NoSuchElementException"><![CDATA[org.openqa.selenium.NoSuchElementException: Can't locate an element by this strategy: By.xpath: //UIAApplication[1]/UIAWindow[1]/UIAButton[6]
For documentation on this error, please visit: http://seleniumhq.org/exceptions/no_such_element.html
Build info: version: '2.53.0', revision: '35ae25b1534ae328c771e0856c93e187490ca824', time: '2016-03-15 10:43:46'
System info: host: 'ecosqadeMacBook-Pro.local', ip: '192.168.3.8', os.name: 'Mac OS X', os.arch: 'x86_64', os.version: '10.11.5', java.version: '1.8.0_91'
Driver info: driver.version: unknown
	at io.appium.java_client.pagefactory.AppiumElementLocator.findElement(AppiumElementLocator.java:185)
	at io.appium.java_client.pagefactory.ElementInterceptor.intercept(ElementInterceptor.java:46)
	at io.appium.java_client.ios.IOSElement$$EnhancerByCGLIB$$c4fcf52e.click(<generated>)
	at com.ecovacs.test.activity.XianBotUIControllerActivity.manualCleanBottom(XianBotUIControllerActivity.java:179)
	at com.ecovacs.test.HandleDEEBOT.manualCleanBottom(HandleDEEBOT.java:103)
	at com.ecovacs.test.TestDEEBOT.testManualCleanBottom(TestDEEBOT.java:79)
]]></failure>
  </testcase>
  <testcase name="testManualCleanLeft" classname="com.ecovacs.test.TestDEEBOT" time="1.522">
    <failure message="Can&apos;t locate an element by this strategy: By.xpath: //UIAApplication[1]/UIAWindow[1]/UIAButton[4]&#10;For documentation on this error, please visit: http://seleniumhq.org/exceptions/no_such_element.html&#10;Build info: version: &apos;2.53.0&apos;, revision: &apos;35ae25b1534ae328c771e0856c93e187490ca824&apos;, time: &apos;2016-03-15 10:43:46&apos;&#10;System info: host: &apos;ecosqadeMacBook-Pro.local&apos;, ip: &apos;192.168.3.8&apos;, os.name: &apos;Mac OS X&apos;, os.arch: &apos;x86_64&apos;, os.version: &apos;10.11.5&apos;, java.version: &apos;1.8.0_91&apos;&#10;Driver info: driver.version: unknown" type="org.openqa.selenium.NoSuchElementException"><![CDATA[org.openqa.selenium.NoSuchElementException: Can't locate an element by this strategy: By.xpath: //UIAApplication[1]/UIAWindow[1]/UIAButton[4]
For documentation on this error, please visit: http://seleniumhq.org/exceptions/no_such_element.html
Build info: version: '2.53.0', revision: '35ae25b1534ae328c771e0856c93e187490ca824', time: '2016-03-15 10:43:46'
System info: host: 'ecosqadeMacBook-Pro.local', ip: '192.168.3.8', os.name: 'Mac OS X', os.arch: 'x86_64', os.version: '10.11.5', java.version: '1.8.0_91'
Driver info: driver.version: unknown
	at io.appium.java_client.pagefactory.AppiumElementLocator.findElement(AppiumElementLocator.java:185)
	at io.appium.java_client.pagefactory.ElementInterceptor.intercept(ElementInterceptor.java:46)
	at io.appium.java_client.ios.IOSElement$$EnhancerByCGLIB$$c4fcf52e.click(<generated>)
	at com.ecovacs.test.activity.XianBotUIControllerActivity.manualCleanLeft(XianBotUIControllerActivity.java:185)
	at com.ecovacs.test.HandleDEEBOT.manualCleanLeft(HandleDEEBOT.java:107)
	at com.ecovacs.test.TestDEEBOT.testManualCleanLeft(TestDEEBOT.java:84)
]]></failure>
  </testcase>
  <testcase name="testManualCleanRight" classname="com.ecovacs.test.TestDEEBOT" time="1.519">
    <failure message="Can&apos;t locate an element by this strategy: By.xpath: //UIAApplication[1]/UIAWindow[1]/UIAButton[5]&#10;For documentation on this error, please visit: http://seleniumhq.org/exceptions/no_such_element.html&#10;Build info: version: &apos;2.53.0&apos;, revision: &apos;35ae25b1534ae328c771e0856c93e187490ca824&apos;, time: &apos;2016-03-15 10:43:46&apos;&#10;System info: host: &apos;ecosqadeMacBook-Pro.local&apos;, ip: &apos;192.168.3.8&apos;, os.name: &apos;Mac OS X&apos;, os.arch: &apos;x86_64&apos;, os.version: &apos;10.11.5&apos;, java.version: &apos;1.8.0_91&apos;&#10;Driver info: driver.version: unknown" type="org.openqa.selenium.NoSuchElementException"><![CDATA[org.openqa.selenium.NoSuchElementException: Can't locate an element by this strategy: By.xpath: //UIAApplication[1]/UIAWindow[1]/UIAButton[5]
For documentation on this error, please visit: http://seleniumhq.org/exceptions/no_such_element.html
Build info: version: '2.53.0', revision: '35ae25b1534ae328c771e0856c93e187490ca824', time: '2016-03-15 10:43:46'
System info: host: 'ecosqadeMacBook-Pro.local', ip: '192.168.3.8', os.name: 'Mac OS X', os.arch: 'x86_64', os.version: '10.11.5', java.version: '1.8.0_91'
Driver info: driver.version: unknown
	at io.appium.java_client.pagefactory.AppiumElementLocator.findElement(AppiumElementLocator.java:185)
	at io.appium.java_client.pagefactory.ElementInterceptor.intercept(ElementInterceptor.java:46)
	at io.appium.java_client.ios.IOSElement$$EnhancerByCGLIB$$c4fcf52e.click(<generated>)
	at com.ecovacs.test.activity.XianBotUIControllerActivity.manualCleanRight(XianBotUIControllerActivity.java:191)
	at com.ecovacs.test.HandleDEEBOT.manualCleanRight(HandleDEEBOT.java:111)
	at com.ecovacs.test.TestDEEBOT.testManualCleanRight(TestDEEBOT.java:89)
]]></failure>
  </testcase>
  <testcase name="testLogin" classname="com.ecovacs.test.TestDEEBOT" time="67.593"/>
  <testcase name="testLoadControllActivity" classname="com.ecovacs.test.TestDEEBOT" time="19.386"/>
  <testcase name="testLogout" classname="com.ecovacs.test.TestDEEBOT" time="59.337"/>
</testsuite>